stdClass Object
(
    [object] => instagram
    [entry] => Array
        (
            [0] => stdClass Object
                (
                    [id] => 0
                    [time] => 1586915724
                    [changes] => Array
                        (
                            [0] => stdClass Object
                                (
                                    [field] => mentions
                                    [value] => stdClass Object
                                        (
                                            [media_id] => 17887498072083520
                                            [comment_id] => 17887498072083520
                                        )

                                )

                        )

                )

        )

)
